<?xml version="1.0" encoding="UTF-8"?>
<!-- Generated by org.testng.reporters.JUnitReportReporter -->
<testsuite hostname="SATISH" name="com.inetBanking.TestCases.TC_AddCustomerTest_003" tests="1" failures="0" timestamp="19 May 2020 18:12:45 GMT" time="19.011" errors="0">
  <testcase name="addNewCustomer" time="19.011" classname="com.inetBanking.TestCases.TC_AddCustomerTest_003"/>
</testsuite> <!-- com.inetBanking.TestCases.TC_AddCustomerTest_003 -->
