<?xml version="1.0" encoding="UTF-8"?>
<!-- Generated by org.testng.reporters.JUnitReportReporter -->
<testsuite hostname="SATISH" name="com.inetBanking.TestCases.TC_LoginTest_001" tests="1" failures="0" timestamp="20 May 2020 00:52:35 GMT" time="4.665" errors="0">
  <testcase name="loginTest" time="4.665" classname="com.inetBanking.TestCases.TC_LoginTest_001"/>
</testsuite> <!-- com.inetBanking.TestCases.TC_LoginTest_001 -->
